[2021-06-07 12:05:07] local.ERROR: SQLSTATE[23000]: Integrity constraint violation: 1048 Column 'fifa_rank' cannot be null (SQL: insert into `teams` (`name`, `confederation`, `manager`, `fifa_rank`, `total_titles`, `logo`, `updated_at`, `created_at`) values (as, sa, as, ?, ?, sa, 2021-06-07 12:05:07, 2021-06-07 12:05:07)) {"userId":1,"exception":"[object] (Illuminate\\Database\\QueryException(code: 23000): SQLSTATE[23000]: Integrity constraint violation: 1048 Column 'fifa_rank' cannot be null (SQL: insert into `teams` (`name`, `confederation`, `manager`, `fifa_rank`, `total_titles`, `logo`, `updated_at`, `created_at`) values (as, sa, as, ?, ?, sa, 2021-06-07 12:05:07, 2021-06-07 12:05:07)) at C:\\Users\\adrian\\Desktop\\Stats_App\\stats_app_bd\\vendor\\laravel\\framework\\src\\Illuminate\\Database\\Connection.php:685)
[stacktrace]
#0 C:\\Users\\adrian\\Desktop\\Stats_App\\stats_app_bd\\vendor\\laravel\\framework\\src\\Illuminate\\Database\\Connection.php(645): Illuminate\\Database\\Connection->runQueryCallback('insert into `te...', Array, Object(Closure))
#1 C:\\Users\\adrian\\Desktop\\Stats_App\\stats_app_bd\\vendor\\laravel\\framework\\src\\Illuminate\\Database\\Connection.php(479): Illuminate\\Database\\Connection->run('insert into `te...', Array, Object(Closure))
#2 C:\\Users\\adrian\\Desktop\\Stats_App\\stats_app_bd\\vendor\\laravel\\framework\\src\\Illuminate\\Database\\Connection.php(431): Illuminate\\Database\\Connection->statement('insert into `te...', Array)
#3 C:\\Users\\adrian\\Desktop\\Stats_App\\stats_app_bd\\vendor\\laravel\\framework\\src\\Illuminate\\Database\\Query\\Processors\\Processor.php(32): Illuminate\\Database\\Connection->insert('insert into `te...', Array)
#4 C:\\Users\\adrian\\Desktop\\Stats_App\\stats_app_bd\\vendor\\laravel\\framework\\src\\Illuminate\\Database\\Query\\Builder.php(2997): Illuminate\\Database\\Query\\Processors\\Processor->processInsertGetId(Object(Illuminate\\Database\\Query\\Builder), 'insert into `te...', Array, 'id')
#5 C:\\Users\\adrian\\Desktop\\Stats_App\\stats_app_bd\\vendor\\laravel\\framework\\src\\Illuminate\\Database\\Eloquent\\Builder.php(1646): Illuminate\\Database\\Query\\Builder->insertGetId(Array, 'id')
#6 C:\\Users\\adrian\\Desktop\\Stats_App\\stats_app_bd\\vendor\\laravel\\framework\\src\\Illuminate\\Database\\Eloquent\\Model.php(1104): Illuminate\\Database\\Eloquent\\Builder->__call('insertGetId', Array)
#7 C:\\Users\\adrian\\Desktop\\Stats_App\\stats_app_bd\\vendor\\laravel\\framework\\src\\Illuminate\\Database\\Eloquent\\Model.php(1069): Illuminate\\Database\\Eloquent\\Model->insertAndSetId(Object(Illuminate\\Database\\Eloquent\\Builder), Array)
#8 C:\\Users\\adrian\\Desktop\\Stats_App\\stats_app_bd\\vendor\\laravel\\framework\\src\\Illuminate\\Database\\Eloquent\\Model.php(910): Illuminate\\Database\\Eloquent\\Model->performInsert(Object(Illuminate\\Database\\Eloquent\\Builder))
#9 C:\\Users\\adrian\\Desktop\\Stats_App\\stats_app_bd\\vendor\\laravel\\framework\\src\\Illuminate\\Database\\Eloquent\\Builder.php(902): Illuminate\\Database\\Eloquent\\Model->save()
#10 C:\\Users\\adrian\\Desktop\\Stats_App\\stats_app_bd\\vendor\\laravel\\framework\\src\\Illuminate\\Support\\helpers.php(263): Illuminate\\Database\\Eloquent\\Builder->Illuminate\\Database\\Eloquent\\{closure}(Object(App\\Models\\Teams))
#11 C:\\Users\\adrian\\Desktop\\Stats_App\\stats_app_bd\\vendor\\laravel\\framework\\src\\Illuminate\\Database\\Eloquent\\Builder.php(903): tap(Object(App\\Models\\Teams), Object(Closure))
#12 C:\\Users\\adrian\\Desktop\\Stats_App\\stats_app_bd\\vendor\\laravel\\framework\\src\\Illuminate\\Support\\Traits\\ForwardsCalls.php(23): Illuminate\\Database\\Eloquent\\Builder->create(Array)
#13 C:\\Users\\adrian\\Desktop\\Stats_App\\stats_app_bd\\vendor\\laravel\\framework\\src\\Illuminate\\Database\\Eloquent\\Model.php(1952): Illuminate\\Database\\Eloquent\\Model->forwardCallTo(Object(Illuminate\\Database\\Eloquent\\Builder), 'create', Array)
#14 C:\\Users\\adrian\\Desktop\\Stats_App\\stats_app_bd\\vendor\\laravel\\framework\\src\\Illuminate\\Database\\Eloquent\\Model.php(1964): Illuminate\\Database\\Eloquent\\Model->__call('create', Array)
#15 C:\\Users\\adrian\\Desktop\\Stats_App\\stats_app_bd\\app\\Http\\Controllers\\TeamController.php(80): Illuminate\\Database\\Eloquent\\Model::__callStatic('create', Array)
#16 C:\\Users\\adrian\\Desktop\\Stats_App\\stats_app_bd\\vendor\\laravel\\framework\\src\\Illuminate\\Routing\\Controller.php(54): App\\Http\\Controllers\\TeamController->store(Object(Illuminate\\Http\\Request))
#17 C:\\Users\\adrian\\Desktop\\Stats_App\\stats_app_bd\\vendor\\laravel\\framework\\src\\Illuminate\\Routing\\ControllerDispatcher.php(45): Illuminate\\Routing\\Controller->callAction('store', Array)
#18 C:\\Users\\adrian\\Desktop\\Stats_App\\stats_app_bd\\vendor\\laravel\\framework\\src\\Illuminate\\Routing\\Route.php(254): Illuminate\\Routing\\ControllerDispatcher->dispatch(Object(Illuminate\\Routing\\Route), Object(App\\Http\\Controllers\\TeamController), 'store')
#19 C:\\Users\\adrian\\Desktop\\Stats_App\\stats_app_bd\\vendor\\laravel\\framework\\src\\Illuminate\\Routing\\Route.php(197): Illuminate\\Routing\\Route->runController()
#20 C:\\Users\\adrian\\Desktop\\Stats_App\\stats_app_bd\\vendor\\laravel\\framework\\src\\Illuminate\\Routing\\Router.php(695): Illuminate\\Routing\\Route->run()
#21 C:\\Users\\adrian\\Desktop\\Stats_App\\stats_app_bd\\vendor\\laravel\\framework\\src\\Illuminate\\Pipeline\\Pipeline.php(128): Illuminate\\Routing\\Router->Illuminate\\Routing\\{closure}(Object(Illuminate\\Http\\Request))
#22 C:\\Users\\adrian\\Desktop\\Stats_App\\stats_app_bd\\vendor\\laravel\\passport\\src\\Http\\Middleware\\CheckForAnyScope.php(28): Illuminate\\Pipeline\\Pipeline->Illuminate\\Pipeline\\{closure}(Object(Illuminate\\Http\\Request))
#23 C:\\Users\\adrian\\Desktop\\Stats_App\\stats_app_bd\\vendor\\laravel\\framework\\src\\Illuminate\\Pipeline\\Pipeline.php(167): Laravel\\Passport\\Http\\Middleware\\CheckForAnyScope->handle(Object(Illuminate\\Http\\Request), Object(Closure), 'admin')
#24 C:\\Users\\adrian\\Desktop\\Stats_App\\stats_app_bd\\vendor\\laravel\\framework\\src\\Illuminate\\Routing\\Middleware\\SubstituteBindings.php(50): Illuminate\\Pipeline\\Pipeline->Illuminate\\Pipeline\\{closure}(Object(Illuminate\\Http\\Request))
#25 C:\\Users\\adrian\\Desktop\\Stats_App\\stats_app_bd\\vendor\\laravel\\framework\\src\\Illuminate\\Pipeline\\Pipeline.php(167): Illuminate\\Routing\\Middleware\\SubstituteBindings->handle(Object(Illuminate\\Http\\Request), Object(Closure))
#26 C:\\Users\\adrian\\Desktop\\Stats_App\\stats_app_bd\\vendor\\laravel\\framework\\src\\Illuminate\\Routing\\Middleware\\ThrottleRequests.php(127): Illuminate\\Pipeline\\Pipeline->Illuminate\\Pipeline\\{closure}(Object(Illuminate\\Http\\Request))
#27 C:\\Users\\adrian\\Desktop\\Stats_App\\stats_app_bd\\vendor\\laravel\\framework\\src\\Illuminate\\Routing\\Middleware\\ThrottleRequests.php(103): Illuminate\\Routing\\Middleware\\ThrottleRequests->handleRequest(Object(Illuminate\\Http\\Request), Object(Closure), Array)
#28 C:\\Users\\adrian\\Desktop\\Stats_App\\stats_app_bd\\vendor\\laravel\\framework\\src\\Illuminate\\Routing\\Middleware\\ThrottleRequests.php(55): Illuminate\\Routing\\Middleware\\ThrottleRequests->handleRequestUsingNamedLimiter(Object(Illuminate\\Http\\Request), Object(Closure), 'api', Object(Closure))
#29 C:\\Users\\adrian\\Desktop\\Stats_App\\stats_app_bd\\vendor\\laravel\\framework\\src\\Illuminate\\Pipeline\\Pipeline.php(167): Illuminate\\Routing\\Middleware\\ThrottleRequests->handle(Object(Illuminate\\Http\\Request), Object(Closure), 'api')
#30 C:\\Users\\adrian\\Desktop\\Stats_App\\stats_app_bd\\vendor\\laravel\\framework\\src\\Illuminate\\Auth\\Middleware\\Authenticate.php(44): Illuminate\\Pipeline\\Pipeline->Illuminate\\Pipeline\\{closure}(Object(Illuminate\\Http\\Request))
#31 C:\\Users\\adrian\\Desktop\\Stats_App\\stats_app_bd\\vendor\\laravel\\framework\\src\\Illuminate\\Pipeline\\Pipeline.php(167): Illuminate\\Auth\\Middleware\\Authenticate->handle(Object(Illuminate\\Http\\Request), Object(Closure), 'api')
#32 C:\\Users\\adrian\\Desktop\\Stats_App\\stats_app_bd\\vendor\\laravel\\framework\\src\\Illuminate\\Pipeline\\Pipeline.php(103): Illuminate\\Pipeline\\Pipeline->Illuminate\\Pipeline\\{closure}(Object(Illuminate\\Http\\Request))
#33 C:\\Users\\adrian\\Desktop\\Stats_App\\stats_app_bd\\vendor\\laravel\\framework\\src\\Illuminate\\Routing\\Router.php(697): Illuminate\\Pipeline\\Pipeline->then(Object(Closure))
#34 C:\\Users\\adrian\\Desktop\\Stats_App\\stats_app_bd\\vendor\\laravel\\framework\\src\\Illuminate\\Routing\\Router.php(672): Illuminate\\Routing\\Router->runRouteWithinStack(Object(Illuminate\\Routing\\Route), Object(Illuminate\\Http\\Request))
#35 C:\\Users\\adrian\\Desktop\\Stats_App\\stats_app_bd\\vendor\\laravel\\framework\\src\\Illuminate\\Routing\\Router.php(636): Illuminate\\Routing\\Router->runRoute(Object(Illuminate\\Http\\Request), Object(Illuminate\\Routing\\Route))
#36 C:\\Users\\adrian\\Desktop\\Stats_App\\stats_app_bd\\vendor\\laravel\\framework\\src\\Illuminate\\Routing\\Router.php(625): Illuminate\\Routing\\Router->dispatchToRoute(Object(Illuminate\\Http\\Request))
#37 C:\\Users\\adrian\\Desktop\\Stats_App\\stats_app_bd\\vendor\\laravel\\framework\\src\\Illuminate\\Foundation\\Http\\Kernel.php(166): Illuminate\\Routing\\Router->dispatch(Object(Illuminate\\Http\\Request))
#38 C:\\Users\\adrian\\Desktop\\Stats_App\\stats_app_bd\\vendor\\laravel\\framework\\src\\Illuminate\\Pipeline\\Pipeline.php(128): Illuminate\\Foundation\\Http\\Kernel->Illuminate\\Foundation\\Http\\{closure}(Object(Illuminate\\Http\\Request))
#39 C:\\Users\\adrian\\Desktop\\Stats_App\\stats_app_bd\\vendor\\laravel\\framework\\src\\Illuminate\\Foundation\\Http\\Middleware\\TransformsRequest.php(21): Illuminate\\Pipeline\\Pipeline->Illuminate\\Pipeline\\{closure}(Object(Illuminate\\Http\\Request))
#40 C:\\Users\\adrian\\Desktop\\Stats_App\\stats_app_bd\\vendor\\laravel\\framework\\src\\Illuminate\\Foundation\\Http\\Middleware\\ConvertEmptyStringsToNull.php(31): Illuminate\\Foundation\\Http\\Middleware\\TransformsRequest->handle(Object(Illuminate\\Http\\Request), Object(Closure))
#41 C:\\Users\\adrian\\Desktop\\Stats_App\\stats_app_bd\\vendor\\laravel\\framework\\src\\Illuminate\\Pipeline\\Pipeline.php(167): Illuminate\\Foundation\\Http\\Middleware\\ConvertEmptyStringsToNull->handle(Object(Illuminate\\Http\\Request), Object(Closure))
#42 C:\\Users\\adrian\\Desktop\\Stats_App\\stats_app_bd\\vendor\\laravel\\framework\\src\\Illuminate\\Foundation\\Http\\Middleware\\TransformsRequest.php(21): Illuminate\\Pipeline\\Pipeline->Illuminate\\Pipeline\\{closure}(Object(Illuminate\\Http\\Request))
#43 C:\\Users\\adrian\\Desktop\\Stats_App\\stats_app_bd\\vendor\\laravel\\framework\\src\\Illuminate\\Foundation\\Http\\Middleware\\TrimStrings.php(40): Illuminate\\Foundation\\Http\\Middleware\\TransformsRequest->handle(Object(Illuminate\\Http\\Request), Object(Closure))
#44 C:\\Users\\adrian\\Desktop\\Stats_App\\stats_app_bd\\vendor\\laravel\\framework\\src\\Illuminate\\Pipeline\\Pipeline.php(167): Illuminate\\Foundation\\Http\\Middleware\\TrimStrings->handle(Object(Illuminate\\Http\\Request), Object(Closure))
#45 C:\\Users\\adrian\\Desktop\\Stats_App\\stats_app_bd\\vendor\\laravel\\framework\\src\\Illuminate\\Foundation\\Http\\Middleware\\ValidatePostSize.php(27): Illuminate\\Pipeline\\Pipeline->Illuminate\\Pipeline\\{closure}(Object(Illuminate\\Http\\Request))
#46 C:\\Users\\adrian\\Desktop\\Stats_App\\stats_app_bd\\vendor\\laravel\\framework\\src\\Illuminate\\Pipeline\\Pipeline.php(167): Illuminate\\Foundation\\Http\\Middleware\\ValidatePostSize->handle(Object(Illuminate\\Http\\Request), Object(Closure))
#47 C:\\Users\\adrian\\Desktop\\Stats_App\\stats_app_bd\\vendor\\laravel\\framework\\src\\Illuminate\\Foundation\\Http\\Middleware\\PreventRequestsDuringMaintenance.php(86): Illuminate\\Pipeline\\Pipeline->Illuminate\\Pipeline\\{closure}(Object(Illuminate\\Http\\Request))
#48 C:\\Users\\adrian\\Desktop\\Stats_App\\stats_app_bd\\vendor\\laravel\\framework\\src\\Illuminate\\Pipeline\\Pipeline.php(167): Illuminate\\Foundation\\Http\\Middleware\\PreventRequestsDuringMaintenance->handle(Object(Illuminate\\Http\\Request), Object(Closure))
#49 C:\\Users\\adrian\\Desktop\\Stats_App\\stats_app_bd\\vendor\\fruitcake\\laravel-cors\\src\\HandleCors.php(52): Illuminate\\Pipeline\\Pipeline->Illuminate\\Pipeline\\{closure}(Object(Illuminate\\Http\\Request))
#50 C:\\Users\\adrian\\Desktop\\Stats_App\\stats_app_bd\\vendor\\laravel\\framework\\src\\Illuminate\\Pipeline\\Pipeline.php(167): Fruitcake\\Cors\\HandleCors->handle(Object(Illuminate\\Http\\Request), Object(Closure))
#51 C:\\Users\\adrian\\Desktop\\Stats_App\\stats_app_bd\\vendor\\fideloper\\proxy\\src\\TrustProxies.php(57): Illuminate\\Pipeline\\Pipeline->Illuminate\\Pipeline\\{closure}(Object(Illuminate\\Http\\Request))
#52 C:\\Users\\adrian\\Desktop\\Stats_App\\stats_app_bd\\vendor\\laravel\\framework\\src\\Illuminate\\Pipeline\\Pipeline.php(167): Fideloper\\Proxy\\TrustProxies->handle(Object(Illuminate\\Http\\Request), Object(Closure))
#53 C:\\Users\\adrian\\Desktop\\Stats_App\\stats_app_bd\\vendor\\laravel\\framework\\src\\Illuminate\\Pipeline\\Pipeline.php(103): Illuminate\\Pipeline\\Pipeline->Illuminate\\Pipeline\\{closure}(Object(Illuminate\\Http\\Request))
#54 C:\\Users\\adrian\\Desktop\\Stats_App\\stats_app_bd\\vendor\\laravel\\framework\\src\\Illuminate\\Foundation\\Http\\Kernel.php(141): Illuminate\\Pipeline\\Pipeline->then(Object(Closure))
#55 C:\\Users\\adrian\\Desktop\\Stats_App\\stats_app_bd\\vendor\\laravel\\framework\\src\\Illuminate\\Foundation\\Http\\Kernel.php(110): Illuminate\\Foundation\\Http\\Kernel->sendRequestThroughRouter(Object(Illuminate\\Http\\Request))
#56 C:\\Users\\adrian\\Desktop\\Stats_App\\stats_app_bd\\public\\index.php(52): Illuminate\\Foundation\\Http\\Kernel->handle(Object(Illuminate\\Http\\Request))
#57 C:\\Users\\adrian\\Desktop\\Stats_App\\stats_app_bd\\server.php(21): require_once('C:\\\\Users\\\\adrian...')
#58 {main}

[previous exception] [object] (PDOException(code: 23000): SQLSTATE[23000]: Integrity constraint violation: 1048 Column 'fifa_rank' cannot be null at C:\\Users\\adrian\\Desktop\\Stats_App\\stats_app_bd\\vendor\\laravel\\framework\\src\\Illuminate\\Database\\Connection.php:478)
[stacktrace]
#0 C:\\Users\\adrian\\Desktop\\Stats_App\\stats_app_bd\\vendor\\laravel\\framework\\src\\Illuminate\\Database\\Connection.php(478): PDOStatement->execute()
#1 C:\\Users\\adrian\\Desktop\\Stats_App\\stats_app_bd\\vendor\\laravel\\framework\\src\\Illuminate\\Database\\Connection.php(678): Illuminate\\Database\\Connection->Illuminate\\Database\\{closure}('insert into `te...', Array)
#2 C:\\Users\\adrian\\Desktop\\Stats_App\\stats_app_bd\\vendor\\laravel\\framework\\src\\Illuminate\\Database\\Connection.php(645): Illuminate\\Database\\Connection->runQueryCallback('insert into `te...', Array, Object(Closure))
#3 C:\\Users\\adrian\\Desktop\\Stats_App\\stats_app_bd\\vendor\\laravel\\framework\\src\\Illuminate\\Database\\Connection.php(479): Illuminate\\Database\\Connection->run('insert into `te...', Array, Object(Closure))
#4 C:\\Users\\adrian\\Desktop\\Stats_App\\stats_app_bd\\vendor\\laravel\\framework\\src\\Illuminate\\Database\\Connection.php(431): Illuminate\\Database\\Connection->statement('insert into `te...', Array)
#5 C:\\Users\\adrian\\Desktop\\Stats_App\\stats_app_bd\\vendor\\laravel\\framework\\src\\Illuminate\\Database\\Query\\Processors\\Processor.php(32): Illuminate\\Database\\Connection->insert('insert into `te...', Array)
#6 C:\\Users\\adrian\\Desktop\\Stats_App\\stats_app_bd\\vendor\\laravel\\framework\\src\\Illuminate\\Database\\Query\\Builder.php(2997): Illuminate\\Database\\Query\\Processors\\Processor->processInsertGetId(Object(Illuminate\\Database\\Query\\Builder), 'insert into `te...', Array, 'id')
#7 C:\\Users\\adrian\\Desktop\\Stats_App\\stats_app_bd\\vendor\\laravel\\framework\\src\\Illuminate\\Database\\Eloquent\\Builder.php(1646): Illuminate\\Database\\Query\\Builder->insertGetId(Array, 'id')
#8 C:\\Users\\adrian\\Desktop\\Stats_App\\stats_app_bd\\vendor\\laravel\\framework\\src\\Illuminate\\Database\\Eloquent\\Model.php(1104): Illuminate\\Database\\Eloquent\\Builder->__call('insertGetId', Array)
#9 C:\\Users\\adrian\\Desktop\\Stats_App\\stats_app_bd\\vendor\\laravel\\framework\\src\\Illuminate\\Database\\Eloquent\\Model.php(1069): Illuminate\\Database\\Eloquent\\Model->insertAndSetId(Object(Illuminate\\Database\\Eloquent\\Builder), Array)
#10 C:\\Users\\adrian\\Desktop\\Stats_App\\stats_app_bd\\vendor\\laravel\\framework\\src\\Illuminate\\Database\\Eloquent\\Model.php(910): Illuminate\\Database\\Eloquent\\Model->performInsert(Object(Illuminate\\Database\\Eloquent\\Builder))
#11 C:\\Users\\adrian\\Desktop\\Stats_App\\stats_app_bd\\vendor\\laravel\\framework\\src\\Illuminate\\Database\\Eloquent\\Builder.php(902): Illuminate\\Database\\Eloquent\\Model->save()
#12 C:\\Users\\adrian\\Desktop\\Stats_App\\stats_app_bd\\vendor\\laravel\\framework\\src\\Illuminate\\Support\\helpers.php(263): Illuminate\\Database\\Eloquent\\Builder->Illuminate\\Database\\Eloquent\\{closure}(Object(App\\Models\\Teams))
#13 C:\\Users\\adrian\\Desktop\\Stats_App\\stats_app_bd\\vendor\\laravel\\framework\\src\\Illuminate\\Database\\Eloquent\\Builder.php(903): tap(Object(App\\Models\\Teams), Object(Closure))
#14 C:\\Users\\adrian\\Desktop\\Stats_App\\stats_app_bd\\vendor\\laravel\\framework\\src\\Illuminate\\Support\\Traits\\ForwardsCalls.php(23): Illuminate\\Database\\Eloquent\\Builder->create(Array)
#15 C:\\Users\\adrian\\Desktop\\Stats_App\\stats_app_bd\\vendor\\laravel\\framework\\src\\Illuminate\\Database\\Eloquent\\Model.php(1952): Illuminate\\Database\\Eloquent\\Model->forwardCallTo(Object(Illuminate\\Database\\Eloquent\\Builder), 'create', Array)
#16 C:\\Users\\adrian\\Desktop\\Stats_App\\stats_app_bd\\vendor\\laravel\\framework\\src\\Illuminate\\Database\\Eloquent\\Model.php(1964): Illuminate\\Database\\Eloquent\\Model->__call('create', Array)
#17 C:\\Users\\adrian\\Desktop\\Stats_App\\stats_app_bd\\app\\Http\\Controllers\\TeamController.php(80): Illuminate\\Database\\Eloquent\\Model::__callStatic('create', Array)
#18 C:\\Users\\adrian\\Desktop\\Stats_App\\stats_app_bd\\vendor\\laravel\\framework\\src\\Illuminate\\Routing\\Controller.php(54): App\\Http\\Controllers\\TeamController->store(Object(Illuminate\\Http\\Request))
#19 C:\\Users\\adrian\\Desktop\\Stats_App\\stats_app_bd\\vendor\\laravel\\framework\\src\\Illuminate\\Routing\\ControllerDispatcher.php(45): Illuminate\\Routing\\Controller->callAction('store', Array)
#20 C:\\Users\\adrian\\Desktop\\Stats_App\\stats_app_bd\\vendor\\laravel\\framework\\src\\Illuminate\\Routing\\Route.php(254): Illuminate\\Routing\\ControllerDispatcher->dispatch(Object(Illuminate\\Routing\\Route), Object(App\\Http\\Controllers\\TeamController), 'store')
#21 C:\\Users\\adrian\\Desktop\\Stats_App\\stats_app_bd\\vendor\\laravel\\framework\\src\\Illuminate\\Routing\\Route.php(197): Illuminate\\Routing\\Route->runController()
#22 C:\\Users\\adrian\\Desktop\\Stats_App\\stats_app_bd\\vendor\\laravel\\framework\\src\\Illuminate\\Routing\\Router.php(695): Illuminate\\Routing\\Route->run()
#23 C:\\Users\\adrian\\Desktop\\Stats_App\\stats_app_bd\\vendor\\laravel\\framework\\src\\Illuminate\\Pipeline\\Pipeline.php(128): Illuminate\\Routing\\Router->Illuminate\\Routing\\{closure}(Object(Illuminate\\Http\\Request))
#24 C:\\Users\\adrian\\Desktop\\Stats_App\\stats_app_bd\\vendor\\laravel\\passport\\src\\Http\\Middleware\\CheckForAnyScope.php(28): Illuminate\\Pipeline\\Pipeline->Illuminate\\Pipeline\\{closure}(Object(Illuminate\\Http\\Request))
#25 C:\\Users\\adrian\\Desktop\\Stats_App\\stats_app_bd\\vendor\\laravel\\framework\\src\\Illuminate\\Pipeline\\Pipeline.php(167): Laravel\\Passport\\Http\\Middleware\\CheckForAnyScope->handle(Object(Illuminate\\Http\\Request), Object(Closure), 'admin')
#26 C:\\Users\\adrian\\Desktop\\Stats_App\\stats_app_bd\\vendor\\laravel\\framework\\src\\Illuminate\\Routing\\Middleware\\SubstituteBindings.php(50): Illuminate\\Pipeline\\Pipeline->Illuminate\\Pipeline\\{closure}(Object(Illuminate\\Http\\Request))
#27 C:\\Users\\adrian\\Desktop\\Stats_App\\stats_app_bd\\vendor\\laravel\\framework\\src\\Illuminate\\Pipeline\\Pipeline.php(167): Illuminate\\Routing\\Middleware\\SubstituteBindings->handle(Object(Illuminate\\Http\\Request), Object(Closure))
#28 C:\\Users\\adrian\\Desktop\\Stats_App\\stats_app_bd\\vendor\\laravel\\framework\\src\\Illuminate\\Routing\\Middleware\\ThrottleRequests.php(127): Illuminate\\Pipeline\\Pipeline->Illuminate\\Pipeline\\{closure}(Object(Illuminate\\Http\\Request))
#29 C:\\Users\\adrian\\Desktop\\Stats_App\\stats_app_bd\\vendor\\laravel\\framework\\src\\Illuminate\\Routing\\Middleware\\ThrottleRequests.php(103): Illuminate\\Routing\\Middleware\\ThrottleRequests->handleRequest(Object(Illuminate\\Http\\Request), Object(Closure), Array)
#30 C:\\Users\\adrian\\Desktop\\Stats_App\\stats_app_bd\\vendor\\laravel\\framework\\src\\Illuminate\\Routing\\Middleware\\ThrottleRequests.php(55): Illuminate\\Routing\\Middleware\\ThrottleRequests->handleRequestUsingNamedLimiter(Object(Illuminate\\Http\\Request), Object(Closure), 'api', Object(Closure))
#31 C:\\Users\\adrian\\Desktop\\Stats_App\\stats_app_bd\\vendor\\laravel\\framework\\src\\Illuminate\\Pipeline\\Pipeline.php(167): Illuminate\\Routing\\Middleware\\ThrottleRequests->handle(Object(Illuminate\\Http\\Request), Object(Closure), 'api')
#32 C:\\Users\\adrian\\Desktop\\Stats_App\\stats_app_bd\\vendor\\laravel\\framework\\src\\Illuminate\\Auth\\Middleware\\Authenticate.php(44): Illuminate\\Pipeline\\Pipeline->Illuminate\\Pipeline\\{closure}(Object(Illuminate\\Http\\Request))
#33 C:\\Users\\adrian\\Desktop\\Stats_App\\stats_app_bd\\vendor\\laravel\\framework\\src\\Illuminate\\Pipeline\\Pipeline.php(167): Illuminate\\Auth\\Middleware\\Authenticate->handle(Object(Illuminate\\Http\\Request), Object(Closure), 'api')
#34 C:\\Users\\adrian\\Desktop\\Stats_App\\stats_app_bd\\vendor\\laravel\\framework\\src\\Illuminate\\Pipeline\\Pipeline.php(103): Illuminate\\Pipeline\\Pipeline->Illuminate\\Pipeline\\{closure}(Object(Illuminate\\Http\\Request))
#35 C:\\Users\\adrian\\Desktop\\Stats_App\\stats_app_bd\\vendor\\laravel\\framework\\src\\Illuminate\\Routing\\Router.php(697): Illuminate\\Pipeline\\Pipeline->then(Object(Closure))
#36 C:\\Users\\adrian\\Desktop\\Stats_App\\stats_app_bd\\vendor\\laravel\\framework\\src\\Illuminate\\Routing\\Router.php(672): Illuminate\\Routing\\Router->runRouteWithinStack(Object(Illuminate\\Routing\\Route), Object(Illuminate\\Http\\Request))
#37 C:\\Users\\adrian\\Desktop\\Stats_App\\stats_app_bd\\vendor\\laravel\\framework\\src\\Illuminate\\Routing\\Router.php(636): Illuminate\\Routing\\Router->runRoute(Object(Illuminate\\Http\\Request), Object(Illuminate\\Routing\\Route))
#38 C:\\Users\\adrian\\Desktop\\Stats_App\\stats_app_bd\\vendor\\laravel\\framework\\src\\Illuminate\\Routing\\Router.php(625): Illuminate\\Routing\\Router->dispatchToRoute(Object(Illuminate\\Http\\Request))
#39 C:\\Users\\adrian\\Desktop\\Stats_App\\stats_app_bd\\vendor\\laravel\\framework\\src\\Illuminate\\Foundation\\Http\\Kernel.php(166): Illuminate\\Routing\\Router->dispatch(Object(Illuminate\\Http\\Request))
#40 C:\\Users\\adrian\\Desktop\\Stats_App\\stats_app_bd\\vendor\\laravel\\framework\\src\\Illuminate\\Pipeline\\Pipeline.php(128): Illuminate\\Foundation\\Http\\Kernel->Illuminate\\Foundation\\Http\\{closure}(Object(Illuminate\\Http\\Request))
#41 C:\\Users\\adrian\\Desktop\\Stats_App\\stats_app_bd\\vendor\\laravel\\framework\\src\\Illuminate\\Foundation\\Http\\Middleware\\TransformsRequest.php(21): Illuminate\\Pipeline\\Pipeline->Illuminate\\Pipeline\\{closure}(Object(Illuminate\\Http\\Request))
#42 C:\\Users\\adrian\\Desktop\\Stats_App\\stats_app_bd\\vendor\\laravel\\framework\\src\\Illuminate\\Foundation\\Http\\Middleware\\ConvertEmptyStringsToNull.php(31): Illuminate\\Foundation\\Http\\Middleware\\TransformsRequest->handle(Object(Illuminate\\Http\\Request), Object(Closure))
#43 C:\\Users\\adrian\\Desktop\\Stats_App\\stats_app_bd\\vendor\\laravel\\framework\\src\\Illuminate\\Pipeline\\Pipeline.php(167): Illuminate\\Foundation\\Http\\Middleware\\ConvertEmptyStringsToNull->handle(Object(Illuminate\\Http\\Request), Object(Closure))
#44 C:\\Users\\adrian\\Desktop\\Stats_App\\stats_app_bd\\vendor\\laravel\\framework\\src\\Illuminate\\Foundation\\Http\\Middleware\\TransformsRequest.php(21): Illuminate\\Pipeline\\Pipeline->Illuminate\\Pipeline\\{closure}(Object(Illuminate\\Http\\Request))
#45 C:\\Users\\adrian\\Desktop\\Stats_App\\stats_app_bd\\vendor\\laravel\\framework\\src\\Illuminate\\Foundation\\Http\\Middleware\\TrimStrings.php(40): Illuminate\\Foundation\\Http\\Middleware\\TransformsRequest->handle(Object(Illuminate\\Http\\Request), Object(Closure))
#46 C:\\Users\\adrian\\Desktop\\Stats_App\\stats_app_bd\\vendor\\laravel\\framework\\src\\Illuminate\\Pipeline\\Pipeline.php(167): Illuminate\\Foundation\\Http\\Middleware\\TrimStrings->handle(Object(Illuminate\\Http\\Request), Object(Closure))
#47 C:\\Users\\adrian\\Desktop\\Stats_App\\stats_app_bd\\vendor\\laravel\\framework\\src\\Illuminate\\Foundation\\Http\\Middleware\\ValidatePostSize.php(27): Illuminate\\Pipeline\\Pipeline->Illuminate\\Pipeline\\{closure}(Object(Illuminate\\Http\\Request))
#48 C:\\Users\\adrian\\Desktop\\Stats_App\\stats_app_bd\\vendor\\laravel\\framework\\src\\Illuminate\\Pipeline\\Pipeline.php(167): Illuminate\\Foundation\\Http\\Middleware\\ValidatePostSize->handle(Object(Illuminate\\Http\\Request), Object(Closure))
#49 C:\\Users\\adrian\\Desktop\\Stats_App\\stats_app_bd\\vendor\\laravel\\framework\\src\\Illuminate\\Foundation\\Http\\Middleware\\PreventRequestsDuringMaintenance.php(86): Illuminate\\Pipeline\\Pipeline->Illuminate\\Pipeline\\{closure}(Object(Illuminate\\Http\\Request))
#50 C:\\Users\\adrian\\Desktop\\Stats_App\\stats_app_bd\\vendor\\laravel\\framework\\src\\Illuminate\\Pipeline\\Pipeline.php(167): Illuminate\\Foundation\\Http\\Middleware\\PreventRequestsDuringMaintenance->handle(Object(Illuminate\\Http\\Request), Object(Closure))
#51 C:\\Users\\adrian\\Desktop\\Stats_App\\stats_app_bd\\vendor\\fruitcake\\laravel-cors\\src\\HandleCors.php(52): Illuminate\\Pipeline\\Pipeline->Illuminate\\Pipeline\\{closure}(Object(Illuminate\\Http\\Request))
#52 C:\\Users\\adrian\\Desktop\\Stats_App\\stats_app_bd\\vendor\\laravel\\framework\\src\\Illuminate\\Pipeline\\Pipeline.php(167): Fruitcake\\Cors\\HandleCors->handle(Object(Illuminate\\Http\\Request), Object(Closure))
#53 C:\\Users\\adrian\\Desktop\\Stats_App\\stats_app_bd\\vendor\\fideloper\\proxy\\src\\TrustProxies.php(57): Illuminate\\Pipeline\\Pipeline->Illuminate\\Pipeline\\{closure}(Object(Illuminate\\Http\\Request))
#54 C:\\Users\\adrian\\Desktop\\Stats_App\\stats_app_bd\\vendor\\laravel\\framework\\src\\Illuminate\\Pipeline\\Pipeline.php(167): Fideloper\\Proxy\\TrustProxies->handle(Object(Illuminate\\Http\\Request), Object(Closure))
#55 C:\\Users\\adrian\\Desktop\\Stats_App\\stats_app_bd\\vendor\\laravel\\framework\\src\\Illuminate\\Pipeline\\Pipeline.php(103): Illuminate\\Pipeline\\Pipeline->Illuminate\\Pipeline\\{closure}(Object(Illuminate\\Http\\Request))
#56 C:\\Users\\adrian\\Desktop\\Stats_App\\stats_app_bd\\vendor\\laravel\\framework\\src\\Illuminate\\Foundation\\Http\\Kernel.php(141): Illuminate\\Pipeline\\Pipeline->then(Object(Closure))
#57 C:\\Users\\adrian\\Desktop\\Stats_App\\stats_app_bd\\vendor\\laravel\\framework\\src\\Illuminate\\Foundation\\Http\\Kernel.php(110): Illuminate\\Foundation\\Http\\Kernel->sendRequestThroughRouter(Object(Illuminate\\Http\\Request))
#58 C:\\Users\\adrian\\Desktop\\Stats_App\\stats_app_bd\\public\\index.php(52): Illuminate\\Foundation\\Http\\Kernel->handle(Object(Illuminate\\Http\\Request))
#59 C:\\Users\\adrian\\Desktop\\Stats_App\\stats_app_bd\\server.php(21): require_once('C:\\\\Users\\\\adrian...')
#60 {main}
"} 
